<?xml version="1.0" encoding="UTF-8"?>
<testng-results skipped="0" failed="0" ignored="0" total="1" passed="1">
  <reporter-output>
  </reporter-output>
  <suite name="Default suite" duration-ms="14411" started-at="2018-07-17T06:46:14Z" finished-at="2018-07-17T06:46:29Z">
    <groups>
    </groups>
    <test name="Default test" duration-ms="14411" started-at="2018-07-17T06:46:14Z" finished-at="2018-07-17T06:46:29Z">
      <class name="mission.ProjectNew">
        <test-method status="PASS" signature="testlogin()[pri:0, instance:mission.ProjectNew@59fa1d9b]" name="testlogin" duration-ms="14377" started-at="2018-07-17T06:46:15Z" finished-at="2018-07-17T06:46:29Z">
          <reporter-output>
          </reporter-output>
        </test-method> <!-- testlogin -->
      </class> <!-- mission.ProjectNew -->
    </test> <!-- Default test -->
  </suite> <!-- Default suite -->
</testng-results>
